
> idem-token-pipeline@1.0.0 build-storybook
> storybook build --output-dir=/private/var/folders/mb/zhdqp4151hl01m7bp57r11pm0000gn/T/chromatic--11654-Mx1bgsyy5Mb8

[1m@storybook/core v8.6.18
[22m
info => Cleaning outputDir: [36m../../../../../../private/var/folders/mb/zhdqp4151hl01m7bp57r11pm0000gn/T/chromatic--11654-Mx1bgsyy5Mb8[39m
info => Loading presets
info => Building manager..
info => Manager built ([38;2;181;126;229m76 ms[39m)
info => Building preview..
[36mvite v8.0.13 [32mbuilding client environment for production...[36m[39m
[2Ktransforming...✓ 87 modules transformed.
rendering chunks...
computing gzip size...
../../../../../../private/var/folders/mb/zhdqp4151hl01m7bp57r11pm0000gn/T/chromatic--11654-Mx1bgsyy5Mb8/iframe.html                                17.56 kB │ gzip:   4.99 kB
../../../../../../private/var/folders/mb/zhdqp4151hl01m7bp57r11pm0000gn/T/chromatic--11654-Mx1bgsyy5Mb8/assets/chunk-H6MOWX77-BT6mCG8K.js           0.09 kB │ gzip:   0.11 kB
../../../../../../private/var/folders/mb/zhdqp4151hl01m7bp57r11pm0000gn/T/chromatic--11654-Mx1bgsyy5Mb8/assets/react-BOjwlgW3.js                    0.10 kB │ gzip:   0.10 kB
../../../../../../private/var/folders/mb/zhdqp4151hl01m7bp57r11pm0000gn/T/chromatic--11654-Mx1bgsyy5Mb8/assets/preview-DFIxBW_t.js                  0.12 kB │ gzip:   0.12 kB
../../../../../../private/var/folders/mb/zhdqp4151hl01m7bp57r11pm0000gn/T/chromatic--11654-Mx1bgsyy5Mb8/assets/preview-tPTPoGva.js                  0.15 kB │ gzip:   0.13 kB
../../../../../../private/var/folders/mb/zhdqp4151hl01m7bp57r11pm0000gn/T/chromatic--11654-Mx1bgsyy5Mb8/assets/test-utils-snpFwGhL.js               0.41 kB │ gzip:   0.29 kB
../../../../../../private/var/folders/mb/zhdqp4151hl01m7bp57r11pm0000gn/T/chromatic--11654-Mx1bgsyy5Mb8/assets/jsx-runtime-B5n3ijeu.js              0.42 kB │ gzip:   0.29 kB
../../../../../../private/var/folders/mb/zhdqp4151hl01m7bp57r11pm0000gn/T/chromatic--11654-Mx1bgsyy5Mb8/assets/react-CrQgDJDW.js                    0.44 kB │ gzip:   0.28 kB
../../../../../../private/var/folders/mb/zhdqp4151hl01m7bp57r11pm0000gn/T/chromatic--11654-Mx1bgsyy5Mb8/assets/esm-vlLoKXOq.js                      0.66 kB │ gzip:   0.40 kB
../../../../../../private/var/folders/mb/zhdqp4151hl01m7bp57r11pm0000gn/T/chromatic--11654-Mx1bgsyy5Mb8/assets/preview-DoxCYLoB.js                  0.68 kB │ gzip:   0.47 kB
../../../../../../private/var/folders/mb/zhdqp4151hl01m7bp57r11pm0000gn/T/chromatic--11654-Mx1bgsyy5Mb8/assets/chunk-XP5HYGXS-DrWVOkgP.js           0.71 kB │ gzip:   0.40 kB
../../../../../../private/var/folders/mb/zhdqp4151hl01m7bp57r11pm0000gn/T/chromatic--11654-Mx1bgsyy5Mb8/assets/react-18-ls6JusMg.js                 0.82 kB │ gzip:   0.48 kB
../../../../../../private/var/folders/mb/zhdqp4151hl01m7bp57r11pm0000gn/T/chromatic--11654-Mx1bgsyy5Mb8/assets/preview-D1ZDFGuP.js                  0.88 kB │ gzip:   0.55 kB
../../../../../../private/var/folders/mb/zhdqp4151hl01m7bp57r11pm0000gn/T/chromatic--11654-Mx1bgsyy5Mb8/assets/preview-j1CA4fqx.js                  3.39 kB │ gzip:   1.60 kB
../../../../../../private/var/folders/mb/zhdqp4151hl01m7bp57r11pm0000gn/T/chromatic--11654-Mx1bgsyy5Mb8/assets/preview-B85tHv39.js                  4.81 kB │ gzip:   1.74 kB
../../../../../../private/var/folders/mb/zhdqp4151hl01m7bp57r11pm0000gn/T/chromatic--11654-Mx1bgsyy5Mb8/assets/Spacing.stories-CvCKM0Bb.js          6.14 kB │ gzip:   2.40 kB
../../../../../../private/var/folders/mb/zhdqp4151hl01m7bp57r11pm0000gn/T/chromatic--11654-Mx1bgsyy5Mb8/assets/BorderRadius.stories-B8KwBLuF.js     6.68 kB │ gzip:   2.58 kB
../../../../../../private/var/folders/mb/zhdqp4151hl01m7bp57r11pm0000gn/T/chromatic--11654-Mx1bgsyy5Mb8/assets/react-Chcd53Qk.js                    7.52 kB │ gzip:   2.87 kB
../../../../../../private/var/folders/mb/zhdqp4151hl01m7bp57r11pm0000gn/T/chromatic--11654-Mx1bgsyy5Mb8/assets/preview-DQIvwKzS.js                  7.61 kB │ gzip:   1.53 kB
../../../../../../private/var/folders/mb/zhdqp4151hl01m7bp57r11pm0000gn/T/chromatic--11654-Mx1bgsyy5Mb8/assets/preview-bNP7tdaR.js                  8.13 kB │ gzip:   3.07 kB
../../../../../../private/var/folders/mb/zhdqp4151hl01m7bp57r11pm0000gn/T/chromatic--11654-Mx1bgsyy5Mb8/assets/Changelog.stories-B2yDSkyy.js        9.94 kB │ gzip:   3.43 kB
../../../../../../private/var/folders/mb/zhdqp4151hl01m7bp57r11pm0000gn/T/chromatic--11654-Mx1bgsyy5Mb8/assets/dist-CpecmacH.js                    12.35 kB │ gzip:   3.72 kB
../../../../../../private/var/folders/mb/zhdqp4151hl01m7bp57r11pm0000gn/T/chromatic--11654-Mx1bgsyy5Mb8/assets/Colors.stories-C2D5x6Lh.js          23.52 kB │ gzip:   6.06 kB
../../../../../../private/var/folders/mb/zhdqp4151hl01m7bp57r11pm0000gn/T/chromatic--11654-Mx1bgsyy5Mb8/assets/Color-YHDXOIA2-CXIbHg8K.js          28.94 kB │ gzip:  10.67 kB
../../../../../../private/var/folders/mb/zhdqp4151hl01m7bp57r11pm0000gn/T/chromatic--11654-Mx1bgsyy5Mb8/assets/entry-preview-CZQJBl5X.js           29.00 kB │ gzip:   8.95 kB
../../../../../../private/var/folders/mb/zhdqp4151hl01m7bp57r11pm0000gn/T/chromatic--11654-Mx1bgsyy5Mb8/assets/docs-tools-tGsI2eFk.js              55.82 kB │ gzip:  15.67 kB
../../../../../../private/var/folders/mb/zhdqp4151hl01m7bp57r11pm0000gn/T/chromatic--11654-Mx1bgsyy5Mb8/assets/DocsRenderer-CFRXHY34-zTrIz-Dq.js  166.32 kB │ gzip:  50.58 kB
../../../../../../private/var/folders/mb/zhdqp4151hl01m7bp57r11pm0000gn/T/chromatic--11654-Mx1bgsyy5Mb8/assets/client-TdbKcUrK.js                 181.77 kB │ gzip:  57.16 kB
../../../../../../private/var/folders/mb/zhdqp4151hl01m7bp57r11pm0000gn/T/chromatic--11654-Mx1bgsyy5Mb8/assets/iframe-DD8y9vUe.js                 210.13 kB │ gzip:  70.87 kB
../../../../../../private/var/folders/mb/zhdqp4151hl01m7bp57r11pm0000gn/T/chromatic--11654-Mx1bgsyy5Mb8/assets/entry-preview-docs-xnoKtCKb.js     254.55 kB │ gzip:  75.67 kB
../../../../../../private/var/folders/mb/zhdqp4151hl01m7bp57r11pm0000gn/T/chromatic--11654-Mx1bgsyy5Mb8/assets/components-Bn4LYr4c.js             700.57 kB │ gzip: 218.18 kB

[32m✓ built in 371ms[39m
info => Preview built ([38;2;181;126;229m774 ms[39m)
info => Output directory: /private/var/folders/mb/zhdqp4151hl01m7bp57r11pm0000gn/T/chromatic--11654-Mx1bgsyy5Mb8
